<?xml version="1.0" encoding="UTF-8"?>
<!-- Generated by org.testng.reporters.JUnitReportReporter -->
<testsuite hostname="DESKTOP-F4T9PVL" failures="0" tests="1" name="runners.BeatTheBootCampRunnerTest" time="6.277" errors="0" timestamp="2022-04-13T00:19:39 EDT" skipped="0">
  <testcase classname="runners.BeatTheBootCampRunnerTest" name="runScenario" time="6.277"/>
  <system-out/>
</testsuite> <!-- runners.BeatTheBootCampRunnerTest -->
